# JRE version: Java(TM) SE Runtime Environment (17.0.12+8) (build 17.0.12+8-LTS-286)
# Java VM: Java HotSpot(TM) 64-Bit Server VM (17.0.12+8-LTS-286, mixed mode, sharing, tiered, compressed oops, compressed class ptrs, g1 gc, windows-amd64)
GC Precious Log:
 CPUs: 12 total, 12 available
 Memory: 15571M
 Large Page Support: Disabled
 NUMA Support: Disabled
 Compressed Oops: Enabled (Zero based)
 Heap Region Size: 2M
 Heap Min Capacity: 8M
 Heap Initial Capacity: 244M
 Heap Max Capacity: 4G
 Pre-touch: Disabled
 Parallel Workers: 10
 Concurrent Workers: 3
 Concurrent Refinement Workers: 10
 Periodic GC: Disabled
Heap:
 garbage-first heap   total 256000K, used 166125K [0x0000000700000000, 0x0000000800000000)
  region size 2048K, 15 young (30720K), 4 survivors (8192K)
 Metaspace       used 104188K, committed 105600K, reserved 983040K
  class space    used 14730K, committed 15424K, reserved 851968K
GC Heap History (20 events):
Event: 18.432 GC heap before
{Heap before GC invocations=43 (full 0):
 garbage-first heap   total 231424K, used 182275K [0x0000000700000000, 0x0000000800000000)
  region size 2048K, 39 young (79872K), 2 survivors (4096K)
 Metaspace       used 88785K, committed 89920K, reserved 983040K
  class space    used 12477K, committed 13056K, reserved 851968K
}
Event: 18.435 GC heap after
{Heap after GC invocations=44 (full 0):
 garbage-first heap   total 231424K, used 109942K [0x0000000700000000, 0x0000000800000000)
  region size 2048K, 3 young (6144K), 3 survivors (6144K)
 Metaspace       used 88785K, committed 89920K, reserved 983040K
  class space    used 12477K, committed 13056K, reserved 851968K
}
Event: 19.360 GC heap before
{Heap before GC invocations=44 (full 0):
 garbage-first heap   total 231424K, used 183670K [0x0000000700000000, 0x0000000800000000)
  region size 2048K, 39 young (79872K), 3 survivors (6144K)
 Metaspace       used 90512K, committed 91776K, reserved 983040K
  class space    used 12698K, committed 13312K, reserved 851968K
}
Event: 19.366 GC heap after
{Heap after GC invocations=45 (full 0):
 garbage-first heap   total 231424K, used 117050K [0x0000000700000000, 0x0000000800000000)
  region size 2048K, 5 young (10240K), 5 survivors (10240K)
 Metaspace       used 90512K, committed 91776K, reserved 983040K
  class space    used 12698K, committed 13312K, reserved 851968K
}
Event: 20.144 GC heap before
{Heap before GC invocations=46 (full 0):
 garbage-first heap   total 231424K, used 182586K [0x0000000700000000, 0x0000000800000000)
  region size 2048K, 38 young (77824K), 5 survivors (10240K)
 Metaspace       used 94678K, committed 95936K, reserved 983040K
  class space    used 13324K, committed 13888K, reserved 851968K
}
Event: 20.149 GC heap after
{Heap after GC invocations=47 (full 0):
 garbage-first heap   total 231424K, used 119502K [0x0000000700000000, 0x0000000800000000)
  region size 2048K, 2 young (4096K), 2 survivors (4096K)
 Metaspace       used 94678K, committed 95936K, reserved 983040K
  class space    used 13324K, committed 13888K, reserved 851968K
}
Event: 20.913 GC heap before
{Heap before GC invocations=47 (full 0):
 garbage-first heap   total 231424K, used 185038K [0x0000000700000000, 0x0000000800000000)
  region size 2048K, 34 young (69632K), 2 survivors (4096K)
 Metaspace       used 98656K, committed 99968K, reserved 983040K
  class space    used 13923K, committed 14528K, reserved 851968K
}
Event: 20.917 GC heap after
{Heap after GC invocations=48 (full 0):
 garbage-first heap   total 231424K, used 121094K [0x0000000700000000, 0x0000000800000000)
  region size 2048K, 3 young (6144K), 3 survivors (6144K)
 Metaspace       used 98656K, committed 99968K, reserved 983040K
  class space    used 13923K, committed 14528K, reserved 851968K
}
Event: 21.760 GC heap before
{Heap before GC invocations=49 (full 0):
 garbage-first heap   total 231424K, used 188678K [0x0000000700000000, 0x0000000800000000)
  region size 2048K, 36 young (73728K), 3 survivors (6144K)
 Metaspace       used 101521K, committed 102848K, reserved 983040K
  class space    used 14344K, committed 14976K, reserved 851968K
}
Event: 21.766 GC heap after
{Heap after GC invocations=50 (full 0):
 garbage-first heap   total 231424K, used 126483K [0x0000000700000000, 0x0000000800000000)
  region size 2048K, 5 young (10240K), 5 survivors (10240K)
 Metaspace       used 101521K, committed 102848K, reserved 983040K
  class space    used 14344K, committed 14976K, reserved 851968K
}
Event: 21.797 GC heap before
{Heap before GC invocations=50 (full 0):
 garbage-first heap   total 231424K, used 128531K [0x0000000700000000, 0x0000000800000000)
  region size 2048K, 6 young (12288K), 5 survivors (10240K)
 Metaspace       used 101641K, committed 102976K, reserved 983040K
  class space    used 14360K, committed 14976K, reserved 851968K
}
Event: 21.803 GC heap after
{Heap after GC invocations=51 (full 0):
 garbage-first heap   total 231424K, used 127285K [0x0000000700000000, 0x0000000800000000)
  region size 2048K, 1 young (2048K), 1 survivors (2048K)
 Metaspace       used 101641K, committed 102976K, reserved 983040K
  class space    used 14360K, committed 14976K, reserved 851968K
}
Event: 22.585 GC heap before
{Heap before GC invocations=51 (full 0):
 garbage-first heap   total 231424K, used 190773K [0x0000000700000000, 0x0000000800000000)
  region size 2048K, 32 young (65536K), 1 survivors (2048K)
 Metaspace       used 103493K, committed 104896K, reserved 983040K
  class space    used 14653K, committed 15296K, reserved 851968K
}
Event: 22.589 GC heap after
{Heap after GC invocations=52 (full 0):
 garbage-first heap   total 231424K, used 132689K [0x0000000700000000, 0x0000000800000000)
  region size 2048K, 4 young (8192K), 4 survivors (8192K)
 Metaspace       used 103493K, committed 104896K, reserved 983040K
  class space    used 14653K, committed 15296K, reserved 851968K
}
Event: 22.978 GC heap before
{Heap before GC invocations=53 (full 0):
 garbage-first heap   total 233472K, used 187985K [0x0000000700000000, 0x0000000800000000)
  region size 2048K, 32 young (65536K), 4 survivors (8192K)
 Metaspace       used 103661K, committed 105024K, reserved 983040K
  class space    used 14661K, committed 15296K, reserved 851968K
}
Event: 22.983 GC heap after
{Heap after GC invocations=54 (full 0):
 garbage-first heap   total 233472K, used 136699K [0x0000000700000000, 0x0000000800000000)
  region size 2048K, 2 young (4096K), 2 survivors (4096K)
 Metaspace       used 103661K, committed 105024K, reserved 983040K
  class space    used 14661K, committed 15296K, reserved 851968K
}
Event: 23.009 GC heap before
{Heap before GC invocations=54 (full 0):
 garbage-first heap   total 233472K, used 142843K [0x0000000700000000, 0x0000000800000000)
  region size 2048K, 5 young (10240K), 2 survivors (4096K)
 Metaspace       used 103662K, committed 105024K, reserved 983040K
  class space    used 14661K, committed 15296K, reserved 851968K
}
Event: 23.012 GC heap after
{Heap after GC invocations=55 (full 0):
 garbage-first heap   total 233472K, used 137675K [0x0000000700000000, 0x0000000800000000)
  region size 2048K, 1 young (2048K), 1 survivors (2048K)
 Metaspace       used 103662K, committed 105024K, reserved 983040K
  class space    used 14661K, committed 15296K, reserved 851968K
}
Event: 23.318 GC heap before
{Heap before GC invocations=55 (full 0):
 garbage-first heap   total 233472K, used 180683K [0x0000000700000000, 0x0000000800000000)
  region size 2048K, 24 young (49152K), 1 survivors (2048K)
 Metaspace       used 103751K, committed 105216K, reserved 983040K
  class space    used 14673K, committed 15360K, reserved 851968K
}
Event: 23.321 GC heap after
{Heap after GC invocations=56 (full 0):
 garbage-first heap   total 233472K, used 143597K [0x0000000700000000, 0x0000000800000000)
  region size 2048K, 4 young (8192K), 4 survivors (8192K)
 Metaspace       used 103751K, committed 105216K, reserved 983040K
  class space    used 14673K, committed 15360K, reserved 851968K
}

